2025-04-14 23:40:16.731690 - Received SBGOLOB.CBT509.FILE1057 from FILE1057.XMI 
2025-04-14 23:40:16.734154 - Found $$$#DATE.txt (text/plain) in SBGOLOB.CBT509.FILE1057, moved to PDS/$$$#DATE
2025-04-14 23:40:16.734380 - Found #INDEX.txt (text/plain) in SBGOLOB.CBT509.FILE1057, moved to PDS/#INDEX
2025-04-14 23:40:16.734592 - Found @@README.txt (text/plain) in SBGOLOB.CBT509.FILE1057, moved to PDS/@@README
2025-04-14 23:40:16.734863 - Found @FIL1057.txt (text/plain) in SBGOLOB.CBT509.FILE1057, moved to PDS/@FIL1057
2025-04-14 23:40:16.735051 - Found DFLTHLQ.rexx (text/plain) in SBGOLOB.CBT509.FILE1057, moved to PDS/DFLTHLQ
2025-04-14 23:40:16.735317 - Found DFLTTLIB.rexx (text/plain) in SBGOLOB.CBT509.FILE1057, moved to PDS/DFLTTLIB
2025-04-14 23:40:16.735793 - Found HURL.rexx (text/plain) in SBGOLOB.CBT509.FILE1057, moved to PDS/HURL
2025-04-14 23:40:16.736102 - Found ICEUSER.rexx (text/plain) in SBGOLOB.CBT509.FILE1057, moved to PDS/ICEUSER
2025-04-14 23:40:16.736730 - Found LA.rexx (text/plain) in SBGOLOB.CBT509.FILE1057, moved to PDS/LA
2025-04-14 23:40:16.736941 - Found LCLPRTRX.rexx (text/plain) in SBGOLOB.CBT509.FILE1057, moved to PDS/LCLPRTRX
2025-04-14 23:40:16.737673 - Found MEMBERS.rexx (text/plain) in SBGOLOB.CBT509.FILE1057, moved to PDS/MEMBERS
2025-04-14 23:40:16.738134 - Found PDSCOPY.rexx (text/plain) in SBGOLOB.CBT509.FILE1057, moved to PDS/PDSCOPY
2025-04-14 23:40:16.738833 - Found PDSCOPYD.rexx (text/plain) in SBGOLOB.CBT509.FILE1057, moved to PDS/PDSCOPYD
2025-04-14 23:40:16.739260 - Found PRINTDS.rexx (text/plain) in SBGOLOB.CBT509.FILE1057, moved to PDS/PRINTDS
2025-04-14 23:40:16.739507 - Found SHOWDDNM.rexx (text/plain) in SBGOLOB.CBT509.FILE1057, moved to PDS/SHOWDDNM
2025-04-14 23:40:16.740284 - Found SHOWMEM.rexx (text/plain) in SBGOLOB.CBT509.FILE1057, moved to PDS/SHOWMEM
2025-04-14 23:40:16.740516 - Found SHOWPARM.rexx (text/plain) in SBGOLOB.CBT509.FILE1057, moved to PDS/SHOWPARM
2025-04-14 23:40:16.741188 - Found SHOWTASK.rexx (text/plain) in SBGOLOB.CBT509.FILE1057, moved to PDS/SHOWTASK
2025-04-14 23:40:16.741547 - Found SMARCH.rexx (text/plain) in SBGOLOB.CBT509.FILE1057, moved to PDS/SMARCH
2025-04-14 23:40:16.741910 - Found SMENDV.rexx (text/plain) in SBGOLOB.CBT509.FILE1057, moved to PDS/SMENDV
2025-04-14 23:40:16.742276 - Found SMMAP.rexx (text/plain) in SBGOLOB.CBT509.FILE1057, moved to PDS/SMMAP
2025-04-14 23:40:16.742644 - Found SMNDM.rexx (text/plain) in SBGOLOB.CBT509.FILE1057, moved to PDS/SMNDM
2025-04-14 23:40:16.743018 - Found SMPKG.rexx (text/plain) in SBGOLOB.CBT509.FILE1057, moved to PDS/SMPKG
2025-04-14 23:40:16.743371 - Found SMPREF.rexx (text/plain) in SBGOLOB.CBT509.FILE1057, moved to PDS/SMPREF
2025-04-14 23:40:16.744056 - Found SMULOG.rexx (text/plain) in SBGOLOB.CBT509.FILE1057, moved to PDS/SMULOG
2025-04-14 23:40:16.744719 - Found TBLGEN.rexx (text/plain) in SBGOLOB.CBT509.FILE1057, moved to PDS/TBLGEN
2025-04-14 23:40:16.745030 - Found UPOE@$ST.rexx (text/plain) in SBGOLOB.CBT509.FILE1057, moved to PDS/UPOE@$ST
